libs/opencv/build/intermediates/manifest_merge_blame_file/debug/manifest-merger-blame-debug-report.txt
1<?xml version="1.0" encoding="utf-8"?>
2<manifest xmlns:android="http://schemas.android.com/apk/res/android"
3    package="org.opencv"
4    android:versionCode="310"
5    android:versionName="3.1.0" >
6
7    <uses-sdk
7-->libs\opencv\AndroidManifest.xml:7:5-74
8        android:minSdkVersion="15"
8-->libs\opencv\AndroidManifest.xml:7:15-41
9        android:targetSdkVersion="27" />
9-->libs\opencv\AndroidManifest.xml:7:42-71
10
11</manifest>